09:17:21 **** Incremental Build of configuration Nios II for project aufgabe2_newLib_new ****
make all 
Info: Building ../aufgabe2_newLib_new_bsp/
make --no-print-directory -C ../aufgabe2_newLib_new_bsp/
[BSP build complete]
Info: Compiling main.c to obj/default/main.o
nios2-elf-gcc -xc -MP -MMD -c -I../aufgabe2_newLib_new_bsp//HAL/inc -I../aufgabe2_newLib_new_bsp/ -I../aufgabe2_newLib_new_bsp//drivers/inc  -pipe -D__hal__ -DALT_NO_INSTRUCTION_EMULATION -DALT_SINGLE_THREADED    -O0 -g -Wall   -mno-hw-div -mno-hw-mul -mno-hw-mulx -mgpopt=global  -o obj/default/main.o main.c
main.c: In function 'main':
main.c:68:27: warning: initialization makes integer from pointer without a cast [-Wint-conversion]
    unsigned long long x = write_address;
                           ^
Info: Linking aufgabe2_newLib_new.elf
nios2-elf-g++  -T'../aufgabe2_newLib_new_bsp//linker.x' -msys-crt0='../aufgabe2_newLib_new_bsp//obj/HAL/src/crt0.o' -msys-lib=hal_bsp -L../aufgabe2_newLib_new_bsp/   -Wl,-Map=aufgabe2_newLib_new.map   -O0 -g -Wall   -mno-hw-div -mno-hw-mul -mno-hw-mulx -mgpopt=global  -o aufgabe2_newLib_new.elf obj/default/main.o -lm -msys-lib=m
nios2-elf-insert aufgabe2_newLib_new.elf --thread_model hal --cpu_name cpu --qsys true --simulation_enabled false --id 0 --sidp 0x8005020 --timestamp 1622009965 --stderr_dev jtag_uart --stdin_dev jtag_uart --stdout_dev jtag_uart --sopc_system_name nios_system --quartus_project_dir "/home/ti/HW_SW_Codesign/aufgabe2" --jdi ../..//output_files/aufgabe2.jdi --sopcinfo /home/ti/HW_SW_Codesign/aufgabe2/software/aufgabe2_newLib_new_bsp/../../nios_system.sopcinfo
Info: (aufgabe2_newLib_new.elf) 70 KBytes program size (code + initialized data).
Info:                           8192 Bytes free for stack + heap.
Info: Creating aufgabe2_newLib_new.objdump
nios2-elf-objdump --disassemble --syms --all-header --source aufgabe2_newLib_new.elf >aufgabe2_newLib_new.objdump
[aufgabe2_newLib_new build complete]

09:17:22 Build Finished (took 819ms)

