11:31:47 **** Incremental Build of configuration Nios II for project aufgabe3_bsp ****
make all 
[BSP build complete]
11:31:47 **** Build of configuration Nios II for project aufgabe3 ****
make all 
Info: Building ../aufgabe3_bsp/
make --no-print-directory -C ../aufgabe3_bsp/
[BSP build complete]
Info: Compiling hello_world.c to obj/default/hello_world.o
nios2-elf-gcc -xc -MP -MMD -c -I../aufgabe3_bsp//HAL/inc -I../aufgabe3_bsp/ -I../aufgabe3_bsp//drivers/inc  -pipe -D__hal__ -DALT_NO_INSTRUCTION_EMULATION -DALT_SINGLE_THREADED    -O0 -g -Wall   -mno-hw-div -mno-hw-mul -mno-hw-mulx -mgpopt=global  -o obj/default/hello_world.o hello_world.c
Info: Linking aufgabe3.elf
nios2-elf-g++  -T'../aufgabe3_bsp//linker.x' -msys-crt0='../aufgabe3_bsp//obj/HAL/src/crt0.o' -msys-lib=hal_bsp -L../aufgabe3_bsp/   -Wl,-Map=aufgabe3.map   -O0 -g -Wall   -mno-hw-div -mno-hw-mul -mno-hw-mulx -mgpopt=global  -o aufgabe3.elf obj/default/hello_world.o -lm -msys-lib=m
nios2-elf-insert aufgabe3.elf --thread_model hal --cpu_name cpu --qsys true --simulation_enabled false --id 3735928559 --sidp 0x8001050 --timestamp 1622626168 --stderr_dev jtag_uart --stdin_dev jtag_uart --stdout_dev jtag_uart --sopc_system_name nios_system --quartus_project_dir "/home/ti/HW_SW_Codesign/aufgabe3" --jdi ../..//output_files/aufgabe3.jdi --sopcinfo /home/ti/HW_SW_Codesign/aufgabe3/software/aufgabe3_bsp/../../nios_system.sopcinfo
Info: (aufgabe3.elf) 94 KBytes program size (code + initialized data).
Info:                130970 KBytes free for stack + heap.
Info: Creating aufgabe3.objdump
nios2-elf-objdump --disassemble --syms --all-header --source aufgabe3.elf >aufgabe3.objdump
[aufgabe3 build complete]
11:31:51 **** Incremental Build of configuration Nios II for project aufgabe3_bsp ****
make all 
[BSP build complete]
11:31:52 **** Incremental Build of configuration Nios II for project aufgabe3 ****
make all 
Info: Building ../aufgabe3_bsp/
make --no-print-directory -C ../aufgabe3_bsp/
[BSP build complete]
[aufgabe3 build complete]
11:32:25 **** Build of configuration Nios II for project aufgabe3 ****
make all 
Info: Building ../aufgabe3_bsp/
make --no-print-directory -C ../aufgabe3_bsp/
[BSP build complete]
[aufgabe3 build complete]
11:32:42 **** Incremental Build of configuration Nios II for project aufgabe3_bsp ****
make all 
[BSP build complete]
11:32:43 **** Incremental Build of configuration Nios II for project aufgabe3 ****
make all 
Info: Building ../aufgabe3_bsp/
make --no-print-directory -C ../aufgabe3_bsp/
[BSP build complete]
[aufgabe3 build complete]
11:40:11 **** Incremental Build of configuration Nios II for project aufgabe3_bsp ****
make all 
[BSP build complete]
11:40:12 **** Incremental Build of configuration Nios II for project aufgabe3 ****
make all 
Info: Building ../aufgabe3_bsp/
make --no-print-directory -C ../aufgabe3_bsp/
[BSP build complete]
[aufgabe3 build complete]
11:41:25 **** Incremental Build of configuration Nios II for project aufgabe3_bsp ****
make all 
[BSP build complete]
11:41:25 **** Incremental Build of configuration Nios II for project aufgabe3 ****
make all 
Info: Building ../aufgabe3_bsp/
make --no-print-directory -C ../aufgabe3_bsp/
[BSP build complete]
[aufgabe3 build complete]
11:41:40 **** Incremental Build of configuration Nios II for project aufgabe3_bsp ****
make all 
[BSP build complete]
11:41:41 **** Incremental Build of configuration Nios II for project aufgabe3 ****
make all 
Info: Building ../aufgabe3_bsp/
make --no-print-directory -C ../aufgabe3_bsp/
[BSP build complete]
[aufgabe3 build complete]
11:44:19 **** Incremental Build of configuration Nios II for project aufgabe3_bsp ****
make all 
[BSP build complete]
11:44:20 **** Incremental Build of configuration Nios II for project aufgabe3 ****
make all 
Info: Building ../aufgabe3_bsp/
make --no-print-directory -C ../aufgabe3_bsp/
[BSP build complete]
Info: Compiling hello_world.c to obj/default/hello_world.o
nios2-elf-gcc -xc -MP -MMD -c -I../aufgabe3_bsp//HAL/inc -I../aufgabe3_bsp/ -I../aufgabe3_bsp//drivers/inc  -pipe -D__hal__ -DALT_NO_INSTRUCTION_EMULATION -DALT_SINGLE_THREADED    -O0 -g -Wall   -mno-hw-div -mno-hw-mul -mno-hw-mulx -mgpopt=global  -o obj/default/hello_world.o hello_world.c
hello_world.c: In function 'uart_print':
hello_world.c:149:23: error: 'max' undeclared (first use in this function)
   for (int i = 0; i < max; ++i) {
                       ^
hello_world.c:149:23: note: each undeclared identifier is reported only once for each function it appears in
make: *** [obj/default/hello_world.o] Error 1
Makefile:775: recipe for target 'obj/default/hello_world.o' failed
11:44:35 **** Incremental Build of configuration Nios II for project aufgabe3_bsp ****
make all 
[BSP build complete]
11:44:35 **** Incremental Build of configuration Nios II for project aufgabe3 ****
make all 
Info: Building ../aufgabe3_bsp/
make --no-print-directory -C ../aufgabe3_bsp/
[BSP build complete]
Info: Compiling hello_world.c to obj/default/hello_world.o
nios2-elf-gcc -xc -MP -MMD -c -I../aufgabe3_bsp//HAL/inc -I../aufgabe3_bsp/ -I../aufgabe3_bsp//drivers/inc  -pipe -D__hal__ -DALT_NO_INSTRUCTION_EMULATION -DALT_SINGLE_THREADED    -O0 -g -Wall   -mno-hw-div -mno-hw-mul -mno-hw-mulx -mgpopt=global  -o obj/default/hello_world.o hello_world.c
Info: Linking aufgabe3.elf
nios2-elf-g++  -T'../aufgabe3_bsp//linker.x' -msys-crt0='../aufgabe3_bsp//obj/HAL/src/crt0.o' -msys-lib=hal_bsp -L../aufgabe3_bsp/   -Wl,-Map=aufgabe3.map   -O0 -g -Wall   -mno-hw-div -mno-hw-mul -mno-hw-mulx -mgpopt=global  -o aufgabe3.elf obj/default/hello_world.o -lm -msys-lib=m
nios2-elf-insert aufgabe3.elf --thread_model hal --cpu_name cpu --qsys true --simulation_enabled false --id 3735928559 --sidp 0x8001050 --timestamp 1622626168 --stderr_dev jtag_uart --stdin_dev jtag_uart --stdout_dev jtag_uart --sopc_system_name nios_system --quartus_project_dir "/home/ti/HW_SW_Codesign/aufgabe3" --jdi ../..//output_files/aufgabe3.jdi --sopcinfo /home/ti/HW_SW_Codesign/aufgabe3/software/aufgabe3_bsp/../../nios_system.sopcinfo
Info: (aufgabe3.elf) 94 KBytes program size (code + initialized data).
Info:                130970 KBytes free for stack + heap.
Info: Creating aufgabe3.objdump
nios2-elf-objdump --disassemble --syms --all-header --source aufgabe3.elf >aufgabe3.objdump
[aufgabe3 build complete]
11:44:50 **** Incremental Build of configuration Nios II for project aufgabe3_bsp ****
make all 
[BSP build complete]
11:44:51 **** Incremental Build of configuration Nios II for project aufgabe3 ****
make all 
Info: Building ../aufgabe3_bsp/
make --no-print-directory -C ../aufgabe3_bsp/
[BSP build complete]
[aufgabe3 build complete]
11:45:45 **** Incremental Build of configuration Nios II for project aufgabe3_bsp ****
make all 
[BSP build complete]
11:45:46 **** Incremental Build of configuration Nios II for project aufgabe3 ****
make all 
Info: Building ../aufgabe3_bsp/
make --no-print-directory -C ../aufgabe3_bsp/
[BSP build complete]
Info: Compiling hello_world.c to obj/default/hello_world.o
nios2-elf-gcc -xc -MP -MMD -c -I../aufgabe3_bsp//HAL/inc -I../aufgabe3_bsp/ -I../aufgabe3_bsp//drivers/inc  -pipe -D__hal__ -DALT_NO_INSTRUCTION_EMULATION -DALT_SINGLE_THREADED    -O0 -g -Wall   -mno-hw-div -mno-hw-mul -mno-hw-mulx -mgpopt=global  -o obj/default/hello_world.o hello_world.c
Info: Linking aufgabe3.elf
nios2-elf-g++  -T'../aufgabe3_bsp//linker.x' -msys-crt0='../aufgabe3_bsp//obj/HAL/src/crt0.o' -msys-lib=hal_bsp -L../aufgabe3_bsp/   -Wl,-Map=aufgabe3.map   -O0 -g -Wall   -mno-hw-div -mno-hw-mul -mno-hw-mulx -mgpopt=global  -o aufgabe3.elf obj/default/hello_world.o -lm -msys-lib=m
nios2-elf-insert aufgabe3.elf --thread_model hal --cpu_name cpu --qsys true --simulation_enabled false --id 3735928559 --sidp 0x8001050 --timestamp 1622626168 --stderr_dev jtag_uart --stdin_dev jtag_uart --stdout_dev jtag_uart --sopc_system_name nios_system --quartus_project_dir "/home/ti/HW_SW_Codesign/aufgabe3" --jdi ../..//output_files/aufgabe3.jdi --sopcinfo /home/ti/HW_SW_Codesign/aufgabe3/software/aufgabe3_bsp/../../nios_system.sopcinfo
Info: (aufgabe3.elf) 94 KBytes program size (code + initialized data).
Info:                130970 KBytes free for stack + heap.
Info: Creating aufgabe3.objdump
nios2-elf-objdump --disassemble --syms --all-header --source aufgabe3.elf >aufgabe3.objdump
[aufgabe3 build complete]
11:46:47 **** Incremental Build of configuration Nios II for project aufgabe3_bsp ****
make all 
[BSP build complete]
11:46:48 **** Incremental Build of configuration Nios II for project aufgabe3 ****
make all 
Info: Building ../aufgabe3_bsp/
make --no-print-directory -C ../aufgabe3_bsp/
[BSP build complete]
Info: Compiling hello_world.c to obj/default/hello_world.o
nios2-elf-gcc -xc -MP -MMD -c -I../aufgabe3_bsp//HAL/inc -I../aufgabe3_bsp/ -I../aufgabe3_bsp//drivers/inc  -pipe -D__hal__ -DALT_NO_INSTRUCTION_EMULATION -DALT_SINGLE_THREADED    -O0 -g -Wall   -mno-hw-div -mno-hw-mul -mno-hw-mulx -mgpopt=global  -o obj/default/hello_world.o hello_world.c
Info: Linking aufgabe3.elf
nios2-elf-g++  -T'../aufgabe3_bsp//linker.x' -msys-crt0='../aufgabe3_bsp//obj/HAL/src/crt0.o' -msys-lib=hal_bsp -L../aufgabe3_bsp/   -Wl,-Map=aufgabe3.map   -O0 -g -Wall   -mno-hw-div -mno-hw-mul -mno-hw-mulx -mgpopt=global  -o aufgabe3.elf obj/default/hello_world.o -lm -msys-lib=m
nios2-elf-insert aufgabe3.elf --thread_model hal --cpu_name cpu --qsys true --simulation_enabled false --id 3735928559 --sidp 0x8001050 --timestamp 1622626168 --stderr_dev jtag_uart --stdin_dev jtag_uart --stdout_dev jtag_uart --sopc_system_name nios_system --quartus_project_dir "/home/ti/HW_SW_Codesign/aufgabe3" --jdi ../..//output_files/aufgabe3.jdi --sopcinfo /home/ti/HW_SW_Codesign/aufgabe3/software/aufgabe3_bsp/../../nios_system.sopcinfo
Info: (aufgabe3.elf) 94 KBytes program size (code + initialized data).
Info:                130970 KBytes free for stack + heap.
Info: Creating aufgabe3.objdump
nios2-elf-objdump --disassemble --syms --all-header --source aufgabe3.elf >aufgabe3.objdump
[aufgabe3 build complete]
11:47:02 **** Incremental Build of configuration Nios II for project aufgabe3_bsp ****
make all 
[BSP build complete]
11:47:02 **** Incremental Build of configuration Nios II for project aufgabe3 ****
make all 
Info: Building ../aufgabe3_bsp/
make --no-print-directory -C ../aufgabe3_bsp/
[BSP build complete]
[aufgabe3 build complete]
11:53:54 **** Incremental Build of configuration Nios II for project aufgabe3_bsp ****
make all 
[BSP build complete]
11:53:55 **** Incremental Build of configuration Nios II for project aufgabe3 ****
make all 
Info: Building ../aufgabe3_bsp/
make --no-print-directory -C ../aufgabe3_bsp/
[BSP build complete]
Info: Compiling hello_world.c to obj/default/hello_world.o
nios2-elf-gcc -xc -MP -MMD -c -I../aufgabe3_bsp//HAL/inc -I../aufgabe3_bsp/ -I../aufgabe3_bsp//drivers/inc  -pipe -D__hal__ -DALT_NO_INSTRUCTION_EMULATION -DALT_SINGLE_THREADED    -O0 -g -Wall   -mno-hw-div -mno-hw-mul -mno-hw-mulx -mgpopt=global  -o obj/default/hello_world.o hello_world.c
Info: Linking aufgabe3.elf
nios2-elf-g++  -T'../aufgabe3_bsp//linker.x' -msys-crt0='../aufgabe3_bsp//obj/HAL/src/crt0.o' -msys-lib=hal_bsp -L../aufgabe3_bsp/   -Wl,-Map=aufgabe3.map   -O0 -g -Wall   -mno-hw-div -mno-hw-mul -mno-hw-mulx -mgpopt=global  -o aufgabe3.elf obj/default/hello_world.o -lm -msys-lib=m
nios2-elf-insert aufgabe3.elf --thread_model hal --cpu_name cpu --qsys true --simulation_enabled false --id 3735928559 --sidp 0x8001050 --timestamp 1622626168 --stderr_dev jtag_uart --stdin_dev jtag_uart --stdout_dev jtag_uart --sopc_system_name nios_system --quartus_project_dir "/home/ti/HW_SW_Codesign/aufgabe3" --jdi ../..//output_files/aufgabe3.jdi --sopcinfo /home/ti/HW_SW_Codesign/aufgabe3/software/aufgabe3_bsp/../../nios_system.sopcinfo
Info: (aufgabe3.elf) 93 KBytes program size (code + initialized data).
Info:                130971 KBytes free for stack + heap.
Info: Creating aufgabe3.objdump
nios2-elf-objdump --disassemble --syms --all-header --source aufgabe3.elf >aufgabe3.objdump
[aufgabe3 build complete]
11:54:18 **** Incremental Build of configuration Nios II for project aufgabe3_bsp ****
make all 
[BSP build complete]
11:54:19 **** Incremental Build of configuration Nios II for project aufgabe3 ****
make all 
Info: Building ../aufgabe3_bsp/
make --no-print-directory -C ../aufgabe3_bsp/
[BSP build complete]
Info: Compiling hello_world.c to obj/default/hello_world.o
nios2-elf-gcc -xc -MP -MMD -c -I../aufgabe3_bsp//HAL/inc -I../aufgabe3_bsp/ -I../aufgabe3_bsp//drivers/inc  -pipe -D__hal__ -DALT_NO_INSTRUCTION_EMULATION -DALT_SINGLE_THREADED    -O0 -g -Wall   -mno-hw-div -mno-hw-mul -mno-hw-mulx -mgpopt=global  -o obj/default/hello_world.o hello_world.c
Info: Linking aufgabe3.elf
nios2-elf-g++  -T'../aufgabe3_bsp//linker.x' -msys-crt0='../aufgabe3_bsp//obj/HAL/src/crt0.o' -msys-lib=hal_bsp -L../aufgabe3_bsp/   -Wl,-Map=aufgabe3.map   -O0 -g -Wall   -mno-hw-div -mno-hw-mul -mno-hw-mulx -mgpopt=global  -o aufgabe3.elf obj/default/hello_world.o -lm -msys-lib=m
nios2-elf-insert aufgabe3.elf --thread_model hal --cpu_name cpu --qsys true --simulation_enabled false --id 3735928559 --sidp 0x8001050 --timestamp 1622626168 --stderr_dev jtag_uart --stdin_dev jtag_uart --stdout_dev jtag_uart --sopc_system_name nios_system --quartus_project_dir "/home/ti/HW_SW_Codesign/aufgabe3" --jdi ../..//output_files/aufgabe3.jdi --sopcinfo /home/ti/HW_SW_Codesign/aufgabe3/software/aufgabe3_bsp/../../nios_system.sopcinfo
Info: (aufgabe3.elf) 93 KBytes program size (code + initialized data).
Info:                130971 KBytes free for stack + heap.
Info: Creating aufgabe3.objdump
nios2-elf-objdump --disassemble --syms --all-header --source aufgabe3.elf >aufgabe3.objdump
[aufgabe3 build complete]
11:54:33 **** Incremental Build of configuration Nios II for project aufgabe3_bsp ****
make all 
[BSP build complete]
11:54:33 **** Incremental Build of configuration Nios II for project aufgabe3 ****
make all 
Info: Building ../aufgabe3_bsp/
make --no-print-directory -C ../aufgabe3_bsp/
[BSP build complete]
Info: Compiling hello_world.c to obj/default/hello_world.o
nios2-elf-gcc -xc -MP -MMD -c -I../aufgabe3_bsp//HAL/inc -I../aufgabe3_bsp/ -I../aufgabe3_bsp//drivers/inc  -pipe -D__hal__ -DALT_NO_INSTRUCTION_EMULATION -DALT_SINGLE_THREADED    -O0 -g -Wall   -mno-hw-div -mno-hw-mul -mno-hw-mulx -mgpopt=global  -o obj/default/hello_world.o hello_world.c
Info: Linking aufgabe3.elf
nios2-elf-g++  -T'../aufgabe3_bsp//linker.x' -msys-crt0='../aufgabe3_bsp//obj/HAL/src/crt0.o' -msys-lib=hal_bsp -L../aufgabe3_bsp/   -Wl,-Map=aufgabe3.map   -O0 -g -Wall   -mno-hw-div -mno-hw-mul -mno-hw-mulx -mgpopt=global  -o aufgabe3.elf obj/default/hello_world.o -lm -msys-lib=m
nios2-elf-insert aufgabe3.elf --thread_model hal --cpu_name cpu --qsys true --simulation_enabled false --id 3735928559 --sidp 0x8001050 --timestamp 1622626168 --stderr_dev jtag_uart --stdin_dev jtag_uart --stdout_dev jtag_uart --sopc_system_name nios_system --quartus_project_dir "/home/ti/HW_SW_Codesign/aufgabe3" --jdi ../..//output_files/aufgabe3.jdi --sopcinfo /home/ti/HW_SW_Codesign/aufgabe3/software/aufgabe3_bsp/../../nios_system.sopcinfo
Info: (aufgabe3.elf) 93 KBytes program size (code + initialized data).
Info:                130971 KBytes free for stack + heap.
Info: Creating aufgabe3.objdump
nios2-elf-objdump --disassemble --syms --all-header --source aufgabe3.elf >aufgabe3.objdump
[aufgabe3 build complete]
